0 info it worked if it ends with ok
1 verbose cli [ 'C:\\Program Files\\nodejs\\node.exe',
1 verbose cli   'C:\\Program Files\\nodejs\\node_modules\\npm\\bin\\npm-cli.js',
1 verbose cli   'i',
1 verbose cli   '--save-dev',
1 verbose cli   'gulp-browser-sync' ]
2 info using npm@2.15.8
3 info using node@v4.4.7
4 verbose install initial load of F:\Front-end\package.json
5 verbose installManyTop reading scoped package data from F:\Front-end\node_modules\autoprefixer\package.json
6 verbose installManyTop reading scoped package data from F:\Front-end\node_modules\browser-sync\package.json
7 verbose installManyTop reading scoped package data from F:\Front-end\node_modules\clean\package.json
8 verbose installManyTop reading scoped package data from F:\Front-end\node_modules\concat\package.json
9 verbose installManyTop reading scoped package data from F:\Front-end\node_modules\gulp\package.json
10 verbose installManyTop reading scoped package data from F:\Front-end\node_modules\gulp-autoprefixer\package.json
11 verbose installManyTop reading scoped package data from F:\Front-end\node_modules\gulp-clean\package.json
12 verbose installManyTop reading scoped package data from F:\Front-end\node_modules\gulp-concat\package.json
13 verbose installManyTop reading scoped package data from F:\Front-end\node_modules\gulp-concat-css\package.json
14 verbose installManyTop reading scoped package data from F:\Front-end\node_modules\gulp-cssnano\package.json
15 verbose installManyTop reading scoped package data from F:\Front-end\node_modules\gulp-notify\package.json
16 verbose installManyTop reading scoped package data from F:\Front-end\node_modules\gulp-plumber\package.json
17 verbose installManyTop reading scoped package data from F:\Front-end\node_modules\gulp-rename\package.json
18 verbose installManyTop reading scoped package data from F:\Front-end\node_modules\gulp-uglify\package.json
19 verbose installManyTop reading scoped package data from F:\Front-end\node_modules\gulp-useref\package.json
20 verbose installManyTop reading scoped package data from F:\Front-end\node_modules\plumber\package.json
21 verbose installManyTop reading scoped package data from F:\Front-end\node_modules\rename\package.json
22 verbose installManyTop reading scoped package data from F:\Front-end\node_modules\uglify\package.json
23 verbose installManyTop reading scoped package data from F:\Front-end\node_modules\useref\package.json
24 info package.json gulp-concat-css@2.3.0 No license field.
25 info package.json gulp-rename@1.2.2 No license field.
26 info package.json plumber@0.4.8 license should be a valid SPDX license expression
27 info package.json uglify@0.1.5 No license field.
28 info package.json gulp-notify@2.2.0 No license field.
29 verbose readDependencies loading dependencies from F:\Front-end\package.json
30 silly cache add args [ 'gulp-browser-sync', null ]
31 verbose cache add spec gulp-browser-sync
32 silly cache add parsed spec Result {
32 silly cache add   raw: 'gulp-browser-sync',
32 silly cache add   scope: null,
32 silly cache add   name: 'gulp-browser-sync',
32 silly cache add   rawSpec: '',
32 silly cache add   spec: 'latest',
32 silly cache add   type: 'tag' }
33 silly addNamed gulp-browser-sync@latest
34 verbose addNamed "latest" is being treated as a dist-tag for gulp-browser-sync
35 info addNameTag [ 'gulp-browser-sync', 'latest' ]
36 silly mapToRegistry name gulp-browser-sync
37 silly mapToRegistry using default registry
38 silly mapToRegistry registry https://registry.npmjs.org/
39 silly mapToRegistry data Result {
39 silly mapToRegistry   raw: 'gulp-browser-sync',
39 silly mapToRegistry   scope: null,
39 silly mapToRegistry   name: 'gulp-browser-sync',
39 silly mapToRegistry   rawSpec: '',
39 silly mapToRegistry   spec: 'latest',
39 silly mapToRegistry   type: 'tag' }
40 silly mapToRegistry uri https://registry.npmjs.org/gulp-browser-sync
41 verbose addNameTag registry:https://registry.npmjs.org/gulp-browser-sync not in flight; fetching
42 verbose request uri https://registry.npmjs.org/gulp-browser-sync
43 verbose request no auth needed
44 info attempt registry request try #1 at 22:54:42
45 verbose request id 447a2ea62e76aa1a
46 http request GET https://registry.npmjs.org/gulp-browser-sync
47 http 404 https://registry.npmjs.org/gulp-browser-sync
48 verbose headers { 'content-type': 'application/json',
48 verbose headers   'cache-control': 'max-age=0',
48 verbose headers   'content-length': '2',
48 verbose headers   'accept-ranges': 'bytes',
48 verbose headers   date: 'Thu, 13 Oct 2016 16:54:00 GMT',
48 verbose headers   via: '1.1 varnish',
48 verbose headers   age: '0',
48 verbose headers   connection: 'keep-alive',
48 verbose headers   'x-served-by': 'cache-bma7035-BMA',
48 verbose headers   'x-cache': 'MISS',
48 verbose headers   'x-cache-hits': '0',
48 verbose headers   'x-timer': 'S1476377639.832532,VS0,VE214',
48 verbose headers   vary: 'Accept-Encoding' }
49 silly get cb [ 404,
49 silly get   { 'content-type': 'application/json',
49 silly get     'cache-control': 'max-age=0',
49 silly get     'content-length': '2',
49 silly get     'accept-ranges': 'bytes',
49 silly get     date: 'Thu, 13 Oct 2016 16:54:00 GMT',
49 silly get     via: '1.1 varnish',
49 silly get     age: '0',
49 silly get     connection: 'keep-alive',
49 silly get     'x-served-by': 'cache-bma7035-BMA',
49 silly get     'x-cache': 'MISS',
49 silly get     'x-cache-hits': '0',
49 silly get     'x-timer': 'S1476377639.832532,VS0,VE214',
49 silly get     vary: 'Accept-Encoding' } ]
50 verbose stack Error: Registry returned 404 for GET on https://registry.npmjs.org/gulp-browser-sync
50 verbose stack     at makeError (C:\Program Files\nodejs\node_modules\npm\node_modules\npm-registry-client\lib\request.js:264:12)
50 verbose stack     at CachingRegistryClient.<anonymous> (C:\Program Files\nodejs\node_modules\npm\node_modules\npm-registry-client\lib\request.js:242:14)
50 verbose stack     at Request._callback (C:\Program Files\nodejs\node_modules\npm\node_modules\npm-registry-client\lib\request.js:172:14)
50 verbose stack     at Request.self.callback (C:\Program Files\nodejs\node_modules\npm\node_modules\request\request.js:200:22)
50 verbose stack     at emitTwo (events.js:87:13)
50 verbose stack     at Request.emit (events.js:172:7)
50 verbose stack     at Request.<anonymous> (C:\Program Files\nodejs\node_modules\npm\node_modules\request\request.js:1067:10)
50 verbose stack     at emitOne (events.js:82:20)
50 verbose stack     at Request.emit (events.js:169:7)
50 verbose stack     at IncomingMessage.<anonymous> (C:\Program Files\nodejs\node_modules\npm\node_modules\request\request.js:988:12)
51 verbose statusCode 404
52 verbose pkgid gulp-browser-sync
53 verbose cwd F:\Front-end
54 error Windows_NT 10.0.14393
55 error argv "C:\\Program Files\\nodejs\\node.exe" "C:\\Program Files\\nodejs\\node_modules\\npm\\bin\\npm-cli.js" "i" "--save-dev" "gulp-browser-sync"
56 error node v4.4.7
57 error npm  v2.15.8
58 error code E404
59 error 404 Registry returned 404 for GET on https://registry.npmjs.org/gulp-browser-sync
59 error 404
59 error 404 'gulp-browser-sync' is not in the npm registry.
59 error 404 You should bug the author to publish it (or use the name yourself!)
59 error 404 It was specified as a dependency of 'project'
59 error 404
59 error 404 Note that you can also install from a
59 error 404 tarball, folder, http url, or git url.
60 verbose exit [ 1, true ]
